---------------------------------------------------------------
[ 2019-05-15T18:58:23+08:00 ] 116.232.252.91 GET 121.42.184.177/
[运行时间：0.031425s] [吞吐率：31.82req/s] [内存消耗：1,687.98kb] [文件加载：71]
[ info ] [ LANG ] /data/platform/thinkphp/lang/zh-cn.php
[ info ] [ ROUTE ] array (
)
[ info ] [ HEADER ] array (
  'cookie' => 'PHPSESSID=a10krk4lghcikphnkpnsideqsh',
  'accept-language' => 'zh-CN,zh;q=0.9,en;q=0.8',
  'accept-encoding' => 'gzip, deflate',
  'purpose' => 'prefetch',
  'accept' => 'text/html,application/xhtml+xml,application/xml;q=0.9,image/webp,image/apng,*/*;q=0.8,application/signed-exchange;v=b3',
  'user-agent' => 'Mozilla/5.0 (Windows NT 10.0; Win64; x64) AppleWebKit/537.36 (KHTML, like Gecko) Chrome/74.0.3729.131 Safari/537.36',
  'upgrade-insecure-requests' => '1',
  'connection' => 'keep-alive',
  'host' => '121.42.184.177',
  'content-type' => '',
  'content-length' => '',
)
[ info ] [ PARAM ] array (
)
---------------------------------------------------------------
[ 2019-05-15T18:58:23+08:00 ] 116.232.252.91 GET 121.42.184.177/index/passport/login
[运行时间：0.030788s] [吞吐率：32.48req/s] [内存消耗：1,694.76kb] [文件加载：69]
[ info ] [ LANG ] /data/platform/thinkphp/lang/zh-cn.php
[ info ] [ ROUTE ] array (
)
[ info ] [ HEADER ] array (
  'cookie' => 'PHPSESSID=a10krk4lghcikphnkpnsideqsh',
  'accept-language' => 'zh-CN,zh;q=0.9,en;q=0.8',
  'accept-encoding' => 'gzip, deflate',
  'purpose' => 'prefetch',
  'accept' => 'text/html,application/xhtml+xml,application/xml;q=0.9,image/webp,image/apng,*/*;q=0.8,application/signed-exchange;v=b3',
  'user-agent' => 'Mozilla/5.0 (Windows NT 10.0; Win64; x64) AppleWebKit/537.36 (KHTML, like Gecko) Chrome/74.0.3729.131 Safari/537.36',
  'upgrade-insecure-requests' => '1',
  'connection' => 'keep-alive',
  'host' => '121.42.184.177',
  'content-type' => '',
  'content-length' => '',
)
[ info ] [ PARAM ] array (
)
[ info ] [ VIEW ] /data/platform/application/index/view/passport/login.html [ array (
) ]
---------------------------------------------------------------
[ 2019-05-15T19:46:12+08:00 ] 14.215.176.135 GET www.e5ws.com/
[运行时间：0.019352s] [吞吐率：51.67req/s] [内存消耗：1,687.48kb] [文件加载：71]
[ info ] [ LANG ] /data/platform/thinkphp/lang/zh-cn.php
[ info ] [ ROUTE ] array (
)
[ info ] [ HEADER ] array (
  'host' => 'www.e5ws.com',
  'accept-language' => 'en,*',
  'accept-encoding' => 'gzip, deflate',
  'connection' => 'Keep-Alive',
  'referer' => 'http://www.baidu.com/s?wd=purposehdo',
  'user-agent' => 'Mozilla/5.0 (Windows NT 6.1; WOW64; rv:43.0) Gecko/20100101 Firefox/43.0',
  'accept' => 'text/html,application/xhtml+xml,application/xml;q=0.9,*/*;q=0.8',
  'content-type' => '',
  'content-length' => '',
)
[ info ] [ PARAM ] array (
)
---------------------------------------------------------------
[ 2019-05-15T20:13:21+08:00 ] 106.11.152.124 GET ydt.e5ws.com/Product/read/id/70.html
[运行时间：0.013029s] [吞吐率：76.75req/s] [内存消耗：1,239.66kb] [文件加载：56]
[ info ] [ LANG ] /data/platform/thinkphp/lang/zh-cn.php
---------------------------------------------------------------
[ 2019-05-15T20:16:15+08:00 ] 218.30.103.163 GET www.e5ws.com/
[运行时间：0.018693s] [吞吐率：53.50req/s] [内存消耗：1,686.76kb] [文件加载：71]
[ info ] [ LANG ] /data/platform/thinkphp/lang/zh-cn.php
[ info ] [ ROUTE ] array (
)
[ info ] [ HEADER ] array (
  'connection' => 'close',
  'user-agent' => 'Sogou web spider/4.0(+http://www.sogou.com/docs/help/webmasters.htm#07)',
  'accept-encoding' => 'gzip,deflate',
  'accept-language' => 'zh-cn',
  'accept' => '*/*',
  'host' => 'www.e5ws.com',
  'content-type' => '',
  'content-length' => '',
)
[ info ] [ PARAM ] array (
)
---------------------------------------------------------------
[ 2019-05-15T20:16:43+08:00 ] 162.243.146.211 GET 121.42.184.177/
[运行时间：0.018349s] [吞吐率：54.50req/s] [内存消耗：1,686.28kb] [文件加载：71]
[ info ] [ LANG ] /data/platform/thinkphp/lang/zh-cn.php
[ info ] [ ROUTE ] array (
)
[ info ] [ HEADER ] array (
  'accept-encoding' => 'gzip',
  'accept' => '*/*',
  'user-agent' => 'Mozilla/5.0 zgrab/0.x',
  'host' => '121.42.184.177',
  'content-type' => '',
  'content-length' => '',
)
[ info ] [ PARAM ] array (
)
---------------------------------------------------------------
[ 2019-05-15T20:33:55+08:00 ] 140.207.54.79 POST www.e5ws.com/index.php?r=setup%2Fcheck-url&signature=c1e06778afc22fd34696e443fdd1faf7311cc9ad&timestamp=1557923634&nonce=226575978&openid=o81pDuAjrWCTzMGJ0eFRmUsUMgbs
[运行时间：0.018978s] [吞吐率：52.69req/s] [内存消耗：1,689.43kb] [文件加载：71]
[ info ] [ LANG ] /data/platform/thinkphp/lang/zh-cn.php
[ info ] [ ROUTE ] array (
)
[ info ] [ HEADER ] array (
  'content-type' => 'text/xml',
  'content-length' => '524',
  'pragma' => 'no-cache',
  'host' => 'www.e5ws.com',
  'accept' => '*/*',
  'user-agent' => 'Mozilla/4.0',
)
[ info ] [ PARAM ] array (
  'r' => 'setup/check-url',
  'signature' => 'c1e06778afc22fd34696e443fdd1faf7311cc9ad',
  'timestamp' => '1557923634',
  'nonce' => '226575978',
  'openid' => 'o81pDuAjrWCTzMGJ0eFRmUsUMgbs',
  '<xml><ToUserName><!' => 
  array (
    'CDATA[gh_521628dc8301' => 'wx577ca3767f909099',
  ),
  'redirect_uri' => 'http://wx.kankanews.com/baoliao/',
  'response_type' => 'code',
  'scope' => 'snsapi_base',
  'state' => '82a51f960304bb8b07b04fb569f0e401#wechat_redirect]]></EventKey>
<MenuId>207546484</MenuId>
</xml>',
)
---------------------------------------------------------------
[ 2019-05-15T20:57:33+08:00 ] 125.160.66.5 GET 121.42.184.177:80/
[运行时间：0.019694s] [吞吐率：50.78req/s] [内存消耗：1,686.77kb] [文件加载：71]
[ info ] [ LANG ] /data/platform/thinkphp/lang/zh-cn.php
[ info ] [ ROUTE ] array (
)
[ info ] [ HEADER ] array (
  'connection' => 'Keep-Alive',
  'cache-control' => 'max-stale=0',
  'content-length' => '0',
  'user-agent' => 'Mozilla/5.0 (Windows NT 10.0; WOW64) AppleWebKit/537.36 (KHTML, like Gecko) Chrome/52.0.2743.116 Safari/537.36',
  'host' => '121.42.184.177:80',
  'content-type' => '',
)
[ info ] [ PARAM ] array (
)
---------------------------------------------------------------
[ 2019-05-15T20:59:01+08:00 ] 140.207.54.80 POST www.e5ws.com/index.php?r=setup%2Fcheck-url&signature=7b6e2581266e799bee1f0a40ee4bb60ddae0836e&timestamp=1557925141&nonce=1763152533&openid=o81pDuAjrWCTzMGJ0eFRmUsUMgbs
[运行时间：0.018321s] [吞吐率：54.58req/s] [内存消耗：1,689.43kb] [文件加载：71]
[ info ] [ LANG ] /data/platform/thinkphp/lang/zh-cn.php
[ info ] [ ROUTE ] array (
)
[ info ] [ HEADER ] array (
  'content-type' => 'text/xml',
  'content-length' => '524',
  'pragma' => 'no-cache',
  'host' => 'www.e5ws.com',
  'accept' => '*/*',
  'user-agent' => 'Mozilla/4.0',
)
[ info ] [ PARAM ] array (
  'r' => 'setup/check-url',
  'signature' => '7b6e2581266e799bee1f0a40ee4bb60ddae0836e',
  'timestamp' => '1557925141',
  'nonce' => '1763152533',
  'openid' => 'o81pDuAjrWCTzMGJ0eFRmUsUMgbs',
  '<xml><ToUserName><!' => 
  array (
    'CDATA[gh_521628dc8301' => 'wx577ca3767f909099',
  ),
  'redirect_uri' => 'http://wx.kankanews.com/baoliao/',
  'response_type' => 'code',
  'scope' => 'snsapi_base',
  'state' => '82a51f960304bb8b07b04fb569f0e401#wechat_redirect]]></EventKey>
<MenuId>207546484</MenuId>
</xml>',
)
---------------------------------------------------------------
[ 2019-05-15T21:17:55+08:00 ] 139.159.218.228 GET 121.42.184.177/
[运行时间：0.018103s] [吞吐率：55.24req/s] [内存消耗：1,686.28kb] [文件加载：71]
[ info ] [ LANG ] /data/platform/thinkphp/lang/zh-cn.php
[ info ] [ ROUTE ] array (
)
[ info ] [ HEADER ] array (
  'accept-encoding' => 'gzip',
  'accept' => '*/*',
  'user-agent' => 'Mozilla/5.0 zgrab/0.x',
  'host' => '121.42.184.177',
  'content-type' => '',
  'content-length' => '',
)
[ info ] [ PARAM ] array (
)
---------------------------------------------------------------
[ 2019-05-15T21:17:55+08:00 ] 139.159.218.228 GET 121.42.184.177:80/index/passport/login
[运行时间：0.018848s] [吞吐率：53.06req/s] [内存消耗：1,693.20kb] [文件加载：69]
[ info ] [ LANG ] /data/platform/thinkphp/lang/zh-cn.php
[ info ] [ ROUTE ] array (
)
[ info ] [ HEADER ] array (
  'accept-encoding' => 'gzip',
  'referer' => 'http://121.42.184.177:80/',
  'accept' => '*/*',
  'user-agent' => 'Mozilla/5.0 zgrab/0.x',
  'host' => '121.42.184.177:80',
  'content-type' => '',
  'content-length' => '',
)
[ info ] [ PARAM ] array (
)
[ info ] [ VIEW ] /data/platform/application/index/view/passport/login.html [ array (
) ]
---------------------------------------------------------------
[ 2019-05-15T22:34:56+08:00 ] 180.251.116.44 GET 121.42.184.177:80/
[运行时间：0.018275s] [吞吐率：54.72req/s] [内存消耗：1,686.51kb] [文件加载：71]
[ info ] [ LANG ] /data/platform/thinkphp/lang/zh-cn.php
[ info ] [ ROUTE ] array (
)
[ info ] [ HEADER ] array (
  'content-length' => '0',
  'user-agent' => 'Mozilla/5.0 (Windows NT 10.0; WOW64) AppleWebKit/537.36 (KHTML, like Gecko) Chrome/51.0.2704.103 Safari/537.36',
  'host' => '121.42.184.177:80',
  'content-type' => '',
)
[ info ] [ PARAM ] array (
)
---------------------------------------------------------------
[ 2019-05-15T23:11:11+08:00 ] 180.241.44.125 GET 121.42.184.177:80/
[运行时间：0.018174s] [吞吐率：55.02req/s] [内存消耗：1,686.51kb] [文件加载：71]
[ info ] [ LANG ] /data/platform/thinkphp/lang/zh-cn.php
[ info ] [ ROUTE ] array (
)
[ info ] [ HEADER ] array (
  'content-length' => '0',
  'user-agent' => 'Mozilla/5.0 (Macintosh; Intel Mac OS X 10_11_6) AppleWebKit/601.7.7 (KHTML, like Gecko) Version/9.1.2 Safari/601.7.7',
  'host' => '121.42.184.177:80',
  'content-type' => '',
)
[ info ] [ PARAM ] array (
)
---------------------------------------------------------------
[ 2019-05-15T23:42:44+08:00 ] 109.86.217.249 GET 121.42.184.177:80/
[运行时间：0.018394s] [吞吐率：54.37req/s] [内存消耗：1,686.51kb] [文件加载：71]
[ info ] [ LANG ] /data/platform/thinkphp/lang/zh-cn.php
[ info ] [ ROUTE ] array (
)
[ info ] [ HEADER ] array (
  'content-length' => '0',
  'user-agent' => 'Mozilla/5.0 (Windows NT 6.1; WOW64) AppleWebKit/537.36 (KHTML, like Gecko) Chrome/52.0.2743.116 Safari/537.36',
  'host' => '121.42.184.177:80',
  'content-type' => '',
)
[ info ] [ PARAM ] array (
)
