---------------------------------------------------------------
[ 2019-05-16T00:09:05+08:00 ] 157.55.39.95 GET e5ws.com/
[运行时间：0.018224s] [吞吐率：54.87req/s] [内存消耗：1,687.84kb] [文件加载：71]
[ info ] [ LANG ] /data/platform/thinkphp/lang/zh-cn.php
[ info ] [ ROUTE ] array (
)
[ info ] [ HEADER ] array (
  'user-agent' => 'Mozilla/5.0 (iPhone; CPU iPhone OS 7_0 like Mac OS X) AppleWebKit/537.51.1 (KHTML, like Gecko) Version/7.0 Mobile/11A465 Safari/9537.53 (compatible; bingbot/2.0; +http://www.bing.com/bingbot.htm)',
  'host' => 'e5ws.com',
  'from' => 'bingbot(at)microsoft.com',
  'accept-encoding' => 'gzip, deflate',
  'accept' => '*/*',
  'pragma' => 'no-cache',
  'connection' => 'Keep-Alive',
  'cache-control' => 'no-cache',
  'content-type' => '',
  'content-length' => '',
)
[ info ] [ PARAM ] array (
)
---------------------------------------------------------------
[ 2019-05-16T00:53:41+08:00 ] 181.226.160.185 GET 121.42.184.177:80/
[运行时间：0.018729s] [吞吐率：53.39req/s] [内存消耗：1,686.51kb] [文件加载：71]
[ info ] [ LANG ] /data/platform/thinkphp/lang/zh-cn.php
[ info ] [ ROUTE ] array (
)
[ info ] [ HEADER ] array (
  'content-length' => '0',
  'user-agent' => 'Mozilla/5.0 (Windows NT 10.0; WOW64) AppleWebKit/537.36 (KHTML, like Gecko) Chrome/52.0.2743.116 Safari/537.36',
  'host' => '121.42.184.177:80',
  'content-type' => '',
)
[ info ] [ PARAM ] array (
)
---------------------------------------------------------------
[ 2019-05-16T01:14:45+08:00 ] 106.15.76.92 GET /
[运行时间：0.018130s] [吞吐率：55.16req/s] [内存消耗：1,685.68kb] [文件加载：71]
[ info ] [ LANG ] /data/platform/thinkphp/lang/zh-cn.php
[ info ] [ ROUTE ] array (
)
[ info ] [ HEADER ] array (
  'content-type' => '',
  'content-length' => '',
)
[ info ] [ PARAM ] array (
)
---------------------------------------------------------------
[ 2019-05-16T01:16:49+08:00 ] 173.235.65.44 GET 121.42.184.177:80/
[运行时间：0.019179s] [吞吐率：52.14req/s] [内存消耗：1,686.51kb] [文件加载：71]
[ info ] [ LANG ] /data/platform/thinkphp/lang/zh-cn.php
[ info ] [ ROUTE ] array (
)
[ info ] [ HEADER ] array (
  'content-length' => '0',
  'user-agent' => 'Mozilla/5.0 (Windows NT 10.0; WOW64) AppleWebKit/537.36 (KHTML, like Gecko) Chrome/51.0.2704.103 Safari/537.36',
  'host' => '121.42.184.177:80',
  'content-type' => '',
)
[ info ] [ PARAM ] array (
)
---------------------------------------------------------------
[ 2019-05-16T01:17:21+08:00 ] 103.108.120.175 GET 121.42.184.177:80/
[运行时间：0.018100s] [吞吐率：55.25req/s] [内存消耗：1,686.51kb] [文件加载：71]
[ info ] [ LANG ] /data/platform/thinkphp/lang/zh-cn.php
[ info ] [ ROUTE ] array (
)
[ info ] [ HEADER ] array (
  'content-length' => '0',
  'user-agent' => 'Mozilla/5.0 (Windows NT 6.1; WOW64) AppleWebKit/537.36 (KHTML, like Gecko) Chrome/52.0.2743.116 Safari/537.36',
  'host' => '121.42.184.177:80',
  'content-type' => '',
)
[ info ] [ PARAM ] array (
)
---------------------------------------------------------------
[ 2019-05-16T01:20:40+08:00 ] 178.143.1.130 GET 121.42.184.177:80/
[运行时间：0.018210s] [吞吐率：54.92req/s] [内存消耗：1,686.51kb] [文件加载：71]
[ info ] [ LANG ] /data/platform/thinkphp/lang/zh-cn.php
[ info ] [ ROUTE ] array (
)
[ info ] [ HEADER ] array (
  'content-length' => '0',
  'user-agent' => 'Mozilla/5.0 (Windows NT 6.1; WOW64) AppleWebKit/537.36 (KHTML, like Gecko) Chrome/52.0.2743.116 Safari/537.36',
  'host' => '121.42.184.177:80',
  'content-type' => '',
)
[ info ] [ PARAM ] array (
)
---------------------------------------------------------------
[ 2019-05-16T01:33:38+08:00 ] 123.125.71.60 GET www.e5ws.com/
[运行时间：0.025510s] [吞吐率：39.20req/s] [内存消耗：1,687.36kb] [文件加载：71]
[ info ] [ LANG ] /data/platform/thinkphp/lang/zh-cn.php
[ info ] [ ROUTE ] array (
)
[ info ] [ HEADER ] array (
  'accept' => '*/*',
  'accept-encoding' => 'gzip',
  'if-none-match' => '""""""@NULL@""""""',
  'accept-language' => 'zh-cn,zh-tw',
  'user-agent' => 'Mozilla/5.0 (compatible; Baiduspider/2.0; +http://www.baidu.com/search/spider.html)',
  'connection' => 'close',
  'host' => 'www.e5ws.com',
  'content-type' => '',
  'content-length' => '',
)
[ info ] [ PARAM ] array (
)
---------------------------------------------------------------
[ 2019-05-16T02:20:44+08:00 ] 40.77.167.61 GET www.e5ws.com/footer-widget.html
[运行时间：0.013758s] [吞吐率：72.69req/s] [内存消耗：1,239.66kb] [文件加载：56]
[ info ] [ LANG ] /data/platform/thinkphp/lang/zh-cn.php
---------------------------------------------------------------
[ 2019-05-16T02:55:52+08:00 ] 115.236.62.43 GET 121.42.184.177/
[运行时间：0.019806s] [吞吐率：50.49req/s] [内存消耗：1,686.02kb] [文件加载：71]
[ info ] [ LANG ] /data/platform/thinkphp/lang/zh-cn.php
[ info ] [ ROUTE ] array (
)
[ info ] [ HEADER ] array (
  'accept-encoding' => 'identity',
  'host' => '121.42.184.177',
  'content-type' => '',
  'content-length' => '',
)
[ info ] [ PARAM ] array (
)
---------------------------------------------------------------
[ 2019-05-16T02:55:52+08:00 ] 115.236.62.43 GET 121.42.184.177/
[运行时间：0.023507s] [吞吐率：42.54req/s] [内存消耗：1,686.02kb] [文件加载：71]
[ info ] [ LANG ] /data/platform/thinkphp/lang/zh-cn.php
[ info ] [ ROUTE ] array (
)
[ info ] [ HEADER ] array (
  'accept-encoding' => 'identity',
  'host' => '121.42.184.177',
  'content-type' => '',
  'content-length' => '',
)
[ info ] [ PARAM ] array (
)
---------------------------------------------------------------
[ 2019-05-16T02:55:52+08:00 ] 115.236.62.43 GET 121.42.184.177/ifixwebspace/
[运行时间：0.015396s] [吞吐率：64.95req/s] [内存消耗：1,263.37kb] [文件加载：57]
[ info ] [ LANG ] /data/platform/thinkphp/lang/zh-cn.php
---------------------------------------------------------------
[ 2019-05-16T02:55:52+08:00 ] 115.236.62.43 GET 121.42.184.177/navigation.html
[运行时间：0.013792s] [吞吐率：72.51req/s] [内存消耗：1,263.41kb] [文件加载：57]
[ info ] [ LANG ] /data/platform/thinkphp/lang/zh-cn.php
---------------------------------------------------------------
[ 2019-05-16T02:55:52+08:00 ] 115.236.62.43 GET 121.42.184.177/KingViewWeb/
[运行时间：0.015091s] [吞吐率：66.26req/s] [内存消耗：1,263.37kb] [文件加载：57]
[ info ] [ LANG ] /data/platform/thinkphp/lang/zh-cn.php
---------------------------------------------------------------
[ 2019-05-16T02:55:53+08:00 ] 115.236.62.43 GET 121.42.184.177/webconfig.ini
[运行时间：0.014809s] [吞吐率：67.53req/s] [内存消耗：1,263.37kb] [文件加载：57]
[ info ] [ LANG ] /data/platform/thinkphp/lang/zh-cn.php
---------------------------------------------------------------
[ 2019-05-16T02:55:53+08:00 ] 115.236.62.43 GET 121.42.184.177/index/passport/login
[运行时间：0.019492s] [吞吐率：51.30req/s] [内存消耗：1,692.65kb] [文件加载：69]
[ info ] [ LANG ] /data/platform/thinkphp/lang/zh-cn.php
[ info ] [ ROUTE ] array (
)
[ info ] [ HEADER ] array (
  'accept-encoding' => 'identity',
  'host' => '121.42.184.177',
  'content-type' => '',
  'content-length' => '',
)
[ info ] [ PARAM ] array (
)
[ info ] [ VIEW ] /data/platform/application/index/view/passport/login.html [ array (
) ]
---------------------------------------------------------------
[ 2019-05-16T05:20:09+08:00 ] 14.21.243.8 GET e5ws.com/
[运行时间：0.019145s] [吞吐率：52.23req/s] [内存消耗：1,687.39kb] [文件加载：71]
[ info ] [ LANG ] /data/platform/thinkphp/lang/zh-cn.php
[ info ] [ ROUTE ] array (
)
[ info ] [ HEADER ] array (
  'host' => 'e5ws.com',
  'referrer' => 'http://e5ws.com',
  'user-agent' => 'Mozilla/4.0 (compatible; Win32; WinHttp.WinHttpRequest.5)',
  'accept-language' => 'zh-cn',
  'accept' => 'image/gif, image/x-xbitmap, image/jpeg, image/pjpeg, application/x-shockwave-flash, application/vnd.ms-excel, application/vnd.ms-powerpoint, application/msword, */*',
  'content-type' => 'application/x-www-form-urlencoded',
  'connection' => 'Keep-Alive',
  'content-length' => '',
)
[ info ] [ PARAM ] array (
)
---------------------------------------------------------------
[ 2019-05-16T05:55:56+08:00 ] 177.170.96.219 GET 121.42.184.177:80/
[运行时间：0.019120s] [吞吐率：52.30req/s] [内存消耗：1,686.51kb] [文件加载：71]
[ info ] [ LANG ] /data/platform/thinkphp/lang/zh-cn.php
[ info ] [ ROUTE ] array (
)
[ info ] [ HEADER ] array (
  'content-length' => '0',
  'user-agent' => 'Mozilla/5.0 (Macintosh; Intel Mac OS X 10_11_6) AppleWebKit/601.7.7 (KHTML, like Gecko) Version/9.1.2 Safari/601.7.7',
  'host' => '121.42.184.177:80',
  'content-type' => '',
)
[ info ] [ PARAM ] array (
)
---------------------------------------------------------------
[ 2019-05-16T07:03:50+08:00 ] 54.153.14.174 GET 121.42.184.177/
[运行时间：0.018696s] [吞吐率：53.49req/s] [内存消耗：1,686.77kb] [文件加载：71]
[ info ] [ LANG ] /data/platform/thinkphp/lang/zh-cn.php
[ info ] [ ROUTE ] array (
)
[ info ] [ HEADER ] array (
  'connection' => 'keep-alive',
  'cache-control' => 'max-age=259200',
  'host' => '121.42.184.177',
  'accept-encoding' => 'gzip',
  'accept' => '*/*',
  'user-agent' => 'Mozilla/5.0 (Windows NT 6.2; WOW64; rv:26.0) Gecko/20100101 Firefox/26.0',
  'content-type' => '',
  'content-length' => '',
)
[ info ] [ PARAM ] array (
)
---------------------------------------------------------------
[ 2019-05-16T07:03:51+08:00 ] 54.153.14.174 GET 121.42.184.177/index/passport/login
[运行时间：0.018588s] [吞吐率：53.80req/s] [内存消耗：1,693.92kb] [文件加载：69]
[ info ] [ LANG ] /data/platform/thinkphp/lang/zh-cn.php
[ info ] [ ROUTE ] array (
)
[ info ] [ HEADER ] array (
  'connection' => 'keep-alive',
  'cache-control' => 'max-age=259200',
  'host' => '121.42.184.177',
  'cookie' => 'path=/; PHPSESSID=vllmqlp0oigb1ag3tqru64i8ca',
  'accept-encoding' => 'gzip',
  'accept' => '*/*',
  'user-agent' => 'Mozilla/5.0 (Windows NT 6.2; WOW64; rv:26.0) Gecko/20100101 Firefox/26.0',
  'content-type' => '',
  'content-length' => '',
)
[ info ] [ PARAM ] array (
)
[ info ] [ VIEW ] /data/platform/application/index/view/passport/login.html [ array (
) ]
---------------------------------------------------------------
[ 2019-05-16T08:17:20+08:00 ] 159.65.147.185 GET 121.42.184.177/
[运行时间：0.018269s] [吞吐率：54.74req/s] [内存消耗：1,686.43kb] [文件加载：71]
[ info ] [ LANG ] /data/platform/thinkphp/lang/zh-cn.php
[ info ] [ ROUTE ] array (
)
[ info ] [ HEADER ] array (
  'host' => '121.42.184.177',
  'user-agent' => 'Mozilla/5.0 (Windows NT 10.0; WOW64) AppleWebKit/537.36 (KHTML, like Gecko) Chrome/51.0.2704.103 Safari/537.36',
  'content-type' => '',
  'content-length' => '',
)
[ info ] [ PARAM ] array (
)
---------------------------------------------------------------
[ 2019-05-16T09:12:38+08:00 ] 202.104.32.178 HEAD e5ws.com/
[运行时间：0.018343s] [吞吐率：54.52req/s] [内存消耗：1,685.31kb] [文件加载：71]
[ info ] [ LANG ] /data/platform/thinkphp/lang/zh-cn.php
[ info ] [ ROUTE ] array (
)
[ info ] [ HEADER ] array (
  'host' => 'e5ws.com',
  'accept' => '*/*',
  'user-agent' => 'curl/7.29.0',
  'content-type' => '',
  'content-length' => '',
)
[ info ] [ PARAM ] array (
)
---------------------------------------------------------------
[ 2019-05-16T09:19:35+08:00 ] 190.109.189.122 GET 121.42.184.177:80/
[运行时间：0.019477s] [吞吐率：51.34req/s] [内存消耗：1,686.51kb] [文件加载：71]
[ info ] [ LANG ] /data/platform/thinkphp/lang/zh-cn.php
[ info ] [ ROUTE ] array (
)
[ info ] [ HEADER ] array (
  'content-length' => '0',
  'user-agent' => 'Mozilla/5.0 (Windows NT 10.0; WOW64) AppleWebKit/537.36 (KHTML, like Gecko) Chrome/51.0.2704.103 Safari/537.36',
  'host' => '121.42.184.177:80',
  'content-type' => '',
)
[ info ] [ PARAM ] array (
)
---------------------------------------------------------------
[ 2019-05-16T09:23:49+08:00 ] 195.231.7.160 GET 121.42.184.177/CFIDE/administrator/
[运行时间：0.014174s] [吞吐率：70.55req/s] [内存消耗：1,263.38kb] [文件加载：57]
[ info ] [ LANG ] /data/platform/thinkphp/lang/zh-cn.php
---------------------------------------------------------------
[ 2019-05-16T09:30:18+08:00 ] 140.207.54.80 POST www.e5ws.com/index.php?r=setup%2Fcheck-url&signature=4c8bb3c028ee45fc0b147e1413c25b405b2b80d3&timestamp=1557970218&nonce=1943591143&openid=o81pDuLpzdR9hUe7mgEc0YCRxIQQ
[运行时间：0.018284s] [吞吐率：54.69req/s] [内存消耗：1,689.43kb] [文件加载：71]
[ info ] [ LANG ] /data/platform/thinkphp/lang/zh-cn.php
[ info ] [ ROUTE ] array (
)
[ info ] [ HEADER ] array (
  'content-type' => 'text/xml',
  'content-length' => '524',
  'pragma' => 'no-cache',
  'host' => 'www.e5ws.com',
  'accept' => '*/*',
  'user-agent' => 'Mozilla/4.0',
)
[ info ] [ PARAM ] array (
  'r' => 'setup/check-url',
  'signature' => '4c8bb3c028ee45fc0b147e1413c25b405b2b80d3',
  'timestamp' => '1557970218',
  'nonce' => '1943591143',
  'openid' => 'o81pDuLpzdR9hUe7mgEc0YCRxIQQ',
  '<xml><ToUserName><!' => 
  array (
    'CDATA[gh_521628dc8301' => 'wx577ca3767f909099',
  ),
  'redirect_uri' => 'http://wx.kankanews.com/baoliao/',
  'response_type' => 'code',
  'scope' => 'snsapi_base',
  'state' => '82a51f960304bb8b07b04fb569f0e401#wechat_redirect]]></EventKey>
<MenuId>207546484</MenuId>
</xml>',
)
---------------------------------------------------------------
[ 2019-05-16T09:33:13+08:00 ] 123.125.71.114 GET www.e5ws.com/
[运行时间：0.030051s] [吞吐率：33.28req/s] [内存消耗：1,687.36kb] [文件加载：71]
[ info ] [ LANG ] /data/platform/thinkphp/lang/zh-cn.php
[ info ] [ ROUTE ] array (
)
[ info ] [ HEADER ] array (
  'accept' => '*/*',
  'accept-encoding' => 'gzip',
  'if-none-match' => '""""""@NULL@""""""',
  'accept-language' => 'zh-cn,zh-tw',
  'user-agent' => 'Mozilla/5.0 (compatible; Baiduspider/2.0; +http://www.baidu.com/search/spider.html)',
  'connection' => 'close',
  'host' => 'www.e5ws.com',
  'content-type' => '',
  'content-length' => '',
)
[ info ] [ PARAM ] array (
)
---------------------------------------------------------------
[ 2019-05-16T10:22:33+08:00 ] 157.55.39.251 GET ydt.e5ws.com/
[运行时间：0.029354s] [吞吐率：34.07req/s] [内存消耗：1,687.88kb] [文件加载：71]
[ info ] [ LANG ] /data/platform/thinkphp/lang/zh-cn.php
[ info ] [ ROUTE ] array (
)
[ info ] [ HEADER ] array (
  'user-agent' => 'Mozilla/5.0 (iPhone; CPU iPhone OS 7_0 like Mac OS X) AppleWebKit/537.51.1 (KHTML, like Gecko) Version/7.0 Mobile/11A465 Safari/9537.53 (compatible; bingbot/2.0; +http://www.bing.com/bingbot.htm)',
  'host' => 'ydt.e5ws.com',
  'from' => 'bingbot(at)microsoft.com',
  'accept-encoding' => 'gzip, deflate',
  'accept' => '*/*',
  'pragma' => 'no-cache',
  'connection' => 'Keep-Alive',
  'cache-control' => 'no-cache',
  'content-type' => '',
  'content-length' => '',
)
[ info ] [ PARAM ] array (
)
---------------------------------------------------------------
[ 2019-05-16T10:44:16+08:00 ] 140.207.54.80 POST www.e5ws.com/index.php?r=setup%2Fcheck-url&signature=b1cbcfc9d28e89294b130519607bd7ea678e04c6&timestamp=1557974656&nonce=140399451&openid=o81pDuLpzdR9hUe7mgEc0YCRxIQQ
[运行时间：0.017927s] [吞吐率：55.78req/s] [内存消耗：1,689.43kb] [文件加载：71]
[ info ] [ LANG ] /data/platform/thinkphp/lang/zh-cn.php
[ info ] [ ROUTE ] array (
)
[ info ] [ HEADER ] array (
  'content-type' => 'text/xml',
  'content-length' => '524',
  'pragma' => 'no-cache',
  'host' => 'www.e5ws.com',
  'accept' => '*/*',
  'user-agent' => 'Mozilla/4.0',
)
[ info ] [ PARAM ] array (
  'r' => 'setup/check-url',
  'signature' => 'b1cbcfc9d28e89294b130519607bd7ea678e04c6',
  'timestamp' => '1557974656',
  'nonce' => '140399451',
  'openid' => 'o81pDuLpzdR9hUe7mgEc0YCRxIQQ',
  '<xml><ToUserName><!' => 
  array (
    'CDATA[gh_521628dc8301' => 'wx577ca3767f909099',
  ),
  'redirect_uri' => 'http://wx.kankanews.com/baoliao/',
  'response_type' => 'code',
  'scope' => 'snsapi_base',
  'state' => '82a51f960304bb8b07b04fb569f0e401#wechat_redirect]]></EventKey>
<MenuId>207546484</MenuId>
</xml>',
)
---------------------------------------------------------------
[ 2019-05-16T10:46:16+08:00 ] 125.87.103.45 GET e5ws.com/
[运行时间：0.018376s] [吞吐率：54.42req/s] [内存消耗：1,687.39kb] [文件加载：71]
[ info ] [ LANG ] /data/platform/thinkphp/lang/zh-cn.php
[ info ] [ ROUTE ] array (
)
[ info ] [ HEADER ] array (
  'host' => 'e5ws.com',
  'referrer' => 'http://e5ws.com',
  'user-agent' => 'Mozilla/4.0 (compatible; Win32; WinHttp.WinHttpRequest.5)',
  'accept-language' => 'zh-cn',
  'accept' => 'image/gif, image/x-xbitmap, image/jpeg, image/pjpeg, application/x-shockwave-flash, application/vnd.ms-excel, application/vnd.ms-powerpoint, application/msword, */*',
  'content-type' => 'application/x-www-form-urlencoded',
  'connection' => 'Keep-Alive',
  'content-length' => '',
)
[ info ] [ PARAM ] array (
)
---------------------------------------------------------------
[ 2019-05-16T11:32:35+08:00 ] 131.255.11.218 GET 121.42.184.177/
[运行时间：0.018437s] [吞吐率：54.24req/s] [内存消耗：1,686.77kb] [文件加载：71]
[ info ] [ LANG ] /data/platform/thinkphp/lang/zh-cn.php
[ info ] [ ROUTE ] array (
)
[ info ] [ HEADER ] array (
  'connection' => 'Keep-Alive',
  'accept-encoding' => '',
  'user-agent' => 'Mozilla/5.0 (compatible; MSIE 9.0; Windows NT 6.1; WOW64; Trident/5.0)',
  'accept-language' => 'en-US',
  'accept' => 'text/html, application/xhtml+xml, */*',
  'host' => '121.42.184.177',
  'content-type' => '',
  'content-length' => '',
)
[ info ] [ PARAM ] array (
)
---------------------------------------------------------------
[ 2019-05-16T12:15:15+08:00 ] 201.143.90.33 GET /
[运行时间：0.018516s] [吞吐率：54.01req/s] [内存消耗：1,685.68kb] [文件加载：71]
[ info ] [ LANG ] /data/platform/thinkphp/lang/zh-cn.php
[ info ] [ ROUTE ] array (
)
[ info ] [ HEADER ] array (
  'content-type' => '',
  'content-length' => '',
)
[ info ] [ PARAM ] array (
)
---------------------------------------------------------------
[ 2019-05-16T12:16:23+08:00 ] 143.0.127.58 GET 121.42.184.177:80/
[运行时间：0.020901s] [吞吐率：47.84req/s] [内存消耗：1,686.51kb] [文件加载：71]
[ info ] [ LANG ] /data/platform/thinkphp/lang/zh-cn.php
[ info ] [ ROUTE ] array (
)
[ info ] [ HEADER ] array (
  'content-length' => '0',
  'user-agent' => 'Mozilla/5.0 (Windows NT 6.1; WOW64) AppleWebKit/537.36 (KHTML, like Gecko) Chrome/51.0.2704.103 Safari/537.36',
  'host' => '121.42.184.177:80',
  'content-type' => '',
)
[ info ] [ PARAM ] array (
)
---------------------------------------------------------------
[ 2019-05-16T13:00:53+08:00 ] 5.202.157.185 GET 121.42.184.177:80/
[运行时间：0.018985s] [吞吐率：52.67req/s] [内存消耗：1,686.51kb] [文件加载：71]
[ info ] [ LANG ] /data/platform/thinkphp/lang/zh-cn.php
[ info ] [ ROUTE ] array (
)
[ info ] [ HEADER ] array (
  'content-length' => '0',
  'user-agent' => 'Mozilla/5.0 (Windows NT 10.0; WOW64) AppleWebKit/537.36 (KHTML, like Gecko) Chrome/51.0.2704.103 Safari/537.36',
  'host' => '121.42.184.177:80',
  'content-type' => '',
)
[ info ] [ PARAM ] array (
)
---------------------------------------------------------------
[ 2019-05-16T13:06:33+08:00 ] 140.207.54.79 POST www.e5ws.com/index.php?r=setup%2Fcheck-url&signature=0653273276c1d4eff906f5e9ab98b9d4a6a1fefb&timestamp=1557983193&nonce=210400792&openid=o81pDuBblIrHh0e-YfnKfBfouhjs
[运行时间：0.019417s] [吞吐率：51.50req/s] [内存消耗：1,689.43kb] [文件加载：71]
[ info ] [ LANG ] /data/platform/thinkphp/lang/zh-cn.php
[ info ] [ ROUTE ] array (
)
[ info ] [ HEADER ] array (
  'content-type' => 'text/xml',
  'content-length' => '524',
  'pragma' => 'no-cache',
  'host' => 'www.e5ws.com',
  'accept' => '*/*',
  'user-agent' => 'Mozilla/4.0',
)
[ info ] [ PARAM ] array (
  'r' => 'setup/check-url',
  'signature' => '0653273276c1d4eff906f5e9ab98b9d4a6a1fefb',
  'timestamp' => '1557983193',
  'nonce' => '210400792',
  'openid' => 'o81pDuBblIrHh0e-YfnKfBfouhjs',
  '<xml><ToUserName><!' => 
  array (
    'CDATA[gh_521628dc8301' => 'wx577ca3767f909099',
  ),
  'redirect_uri' => 'http://wx.kankanews.com/baoliao/',
  'response_type' => 'code',
  'scope' => 'snsapi_base',
  'state' => '82a51f960304bb8b07b04fb569f0e401#wechat_redirect]]></EventKey>
<MenuId>207546484</MenuId>
</xml>',
)
---------------------------------------------------------------
[ 2019-05-16T15:00:57+08:00 ] 101.4.110.154 GET 121.42.184.177/
[运行时间：0.018638s] [吞吐率：53.65req/s] [内存消耗：1,686.28kb] [文件加载：71]
[ info ] [ LANG ] /data/platform/thinkphp/lang/zh-cn.php
[ info ] [ ROUTE ] array (
)
[ info ] [ HEADER ] array (
  'user-agent' => 'Mozilla/5.0 (X11; U; Linux i686)Gecko/20071127 Firefox/2.0.0.11',
  'accept-encoding' => 'identity',
  'host' => '121.42.184.177',
  'content-type' => '',
  'content-length' => '',
)
[ info ] [ PARAM ] array (
)
---------------------------------------------------------------
[ 2019-05-16T15:36:46+08:00 ] 140.207.54.80 POST www.e5ws.com/index.php?r=setup%2Fcheck-url&signature=a41b26f96f6253c013163c6e487667cbdc75b100&timestamp=1557992206&nonce=402105334&openid=o81pDuAjrWCTzMGJ0eFRmUsUMgbs
[运行时间：0.019230s] [吞吐率：52.00req/s] [内存消耗：1,689.43kb] [文件加载：71]
[ info ] [ LANG ] /data/platform/thinkphp/lang/zh-cn.php
[ info ] [ ROUTE ] array (
)
[ info ] [ HEADER ] array (
  'content-type' => 'text/xml',
  'content-length' => '524',
  'pragma' => 'no-cache',
  'host' => 'www.e5ws.com',
  'accept' => '*/*',
  'user-agent' => 'Mozilla/4.0',
)
[ info ] [ PARAM ] array (
  'r' => 'setup/check-url',
  'signature' => 'a41b26f96f6253c013163c6e487667cbdc75b100',
  'timestamp' => '1557992206',
  'nonce' => '402105334',
  'openid' => 'o81pDuAjrWCTzMGJ0eFRmUsUMgbs',
  '<xml><ToUserName><!' => 
  array (
    'CDATA[gh_521628dc8301' => 'wx577ca3767f909099',
  ),
  'redirect_uri' => 'http://wx.kankanews.com/baoliao/',
  'response_type' => 'code',
  'scope' => 'snsapi_base',
  'state' => '82a51f960304bb8b07b04fb569f0e401#wechat_redirect]]></EventKey>
<MenuId>207546484</MenuId>
</xml>',
)
---------------------------------------------------------------
[ 2019-05-16T15:41:01+08:00 ] 140.207.54.80 POST www.e5ws.com/index.php?r=setup%2Fcheck-url&signature=830896146a5f9d18baf78f3cb82a3dc97dc253ac&timestamp=1557992461&nonce=1326953246&openid=o81pDuAjrWCTzMGJ0eFRmUsUMgbs
[运行时间：0.018204s] [吞吐率：54.93req/s] [内存消耗：1,689.43kb] [文件加载：71]
[ info ] [ LANG ] /data/platform/thinkphp/lang/zh-cn.php
[ info ] [ ROUTE ] array (
)
[ info ] [ HEADER ] array (
  'content-type' => 'text/xml',
  'content-length' => '524',
  'pragma' => 'no-cache',
  'host' => 'www.e5ws.com',
  'accept' => '*/*',
  'user-agent' => 'Mozilla/4.0',
)
[ info ] [ PARAM ] array (
  'r' => 'setup/check-url',
  'signature' => '830896146a5f9d18baf78f3cb82a3dc97dc253ac',
  'timestamp' => '1557992461',
  'nonce' => '1326953246',
  'openid' => 'o81pDuAjrWCTzMGJ0eFRmUsUMgbs',
  '<xml><ToUserName><!' => 
  array (
    'CDATA[gh_521628dc8301' => 'wx577ca3767f909099',
  ),
  'redirect_uri' => 'http://wx.kankanews.com/baoliao/',
  'response_type' => 'code',
  'scope' => 'snsapi_base',
  'state' => '82a51f960304bb8b07b04fb569f0e401#wechat_redirect]]></EventKey>
<MenuId>207546484</MenuId>
</xml>',
)
---------------------------------------------------------------
[ 2019-05-16T16:29:05+08:00 ] 34.212.210.25 GET e5ws.com/
[运行时间：0.018573s] [吞吐率：53.84req/s] [内存消耗：1,686.09kb] [文件加载：71]
[ info ] [ LANG ] /data/platform/thinkphp/lang/zh-cn.php
[ info ] [ ROUTE ] array (
)
[ info ] [ HEADER ] array (
  'accept-encoding' => 'gzip',
  'user-agent' => 'Go-http-client/1.1',
  'host' => 'e5ws.com',
  'content-type' => '',
  'content-length' => '',
)
[ info ] [ PARAM ] array (
)
---------------------------------------------------------------
[ 2019-05-16T17:26:01+08:00 ] 201.158.27.201 GET 121.42.184.177:80/
[运行时间：0.018262s] [吞吐率：54.76req/s] [内存消耗：1,686.51kb] [文件加载：71]
[ info ] [ LANG ] /data/platform/thinkphp/lang/zh-cn.php
[ info ] [ ROUTE ] array (
)
[ info ] [ HEADER ] array (
  'content-length' => '0',
  'user-agent' => 'Mozilla/5.0 (Windows NT 6.1; WOW64) AppleWebKit/537.36 (KHTML, like Gecko) Chrome/51.0.2704.103 Safari/537.36',
  'host' => '121.42.184.177:80',
  'content-type' => '',
)
[ info ] [ PARAM ] array (
)
---------------------------------------------------------------
[ 2019-05-16T17:28:20+08:00 ] 220.181.108.187 GET www.e5ws.com/
[运行时间：0.017958s] [吞吐率：55.69req/s] [内存消耗：1,687.36kb] [文件加载：71]
[ info ] [ LANG ] /data/platform/thinkphp/lang/zh-cn.php
[ info ] [ ROUTE ] array (
)
[ info ] [ HEADER ] array (
  'accept' => '*/*',
  'accept-encoding' => 'gzip',
  'if-none-match' => '""""""@NULL@""""""',
  'accept-language' => 'zh-cn,zh-tw',
  'user-agent' => 'Mozilla/5.0 (compatible; Baiduspider/2.0; +http://www.baidu.com/search/spider.html)',
  'connection' => 'close',
  'host' => 'www.e5ws.com',
  'content-type' => '',
  'content-length' => '',
)
[ info ] [ PARAM ] array (
)
---------------------------------------------------------------
[ 2019-05-16T17:30:07+08:00 ] 217.211.56.240 GET 121.42.184.177/
[运行时间：0.018402s] [吞吐率：54.34req/s] [内存消耗：1,686.43kb] [文件加载：71]
[ info ] [ LANG ] /data/platform/thinkphp/lang/zh-cn.php
[ info ] [ ROUTE ] array (
)
[ info ] [ HEADER ] array (
  'host' => '121.42.184.177',
  'user-agent' => 'Mozilla/5.0 (Windows NT 10.0; WOW64) AppleWebKit/537.36 (KHTML, like Gecko) Chrome/51.0.2704.103 Safari/537.36',
  'content-type' => '',
  'content-length' => '',
)
[ info ] [ PARAM ] array (
)
---------------------------------------------------------------
[ 2019-05-16T17:41:04+08:00 ] 140.207.54.79 POST www.e5ws.com/index.php?r=setup%2Fcheck-url&signature=23806786142c3c29d8ab7c4232515b9fb9a86f80&timestamp=1557999664&nonce=2134112205&openid=o81pDuAjrWCTzMGJ0eFRmUsUMgbs
[运行时间：0.018148s] [吞吐率：55.10req/s] [内存消耗：1,689.43kb] [文件加载：71]
[ info ] [ LANG ] /data/platform/thinkphp/lang/zh-cn.php
[ info ] [ ROUTE ] array (
)
[ info ] [ HEADER ] array (
  'content-type' => 'text/xml',
  'content-length' => '524',
  'pragma' => 'no-cache',
  'host' => 'www.e5ws.com',
  'accept' => '*/*',
  'user-agent' => 'Mozilla/4.0',
)
[ info ] [ PARAM ] array (
  'r' => 'setup/check-url',
  'signature' => '23806786142c3c29d8ab7c4232515b9fb9a86f80',
  'timestamp' => '1557999664',
  'nonce' => '2134112205',
  'openid' => 'o81pDuAjrWCTzMGJ0eFRmUsUMgbs',
  '<xml><ToUserName><!' => 
  array (
    'CDATA[gh_521628dc8301' => 'wx577ca3767f909099',
  ),
  'redirect_uri' => 'http://wx.kankanews.com/baoliao/',
  'response_type' => 'code',
  'scope' => 'snsapi_base',
  'state' => '82a51f960304bb8b07b04fb569f0e401#wechat_redirect]]></EventKey>
<MenuId>207546484</MenuId>
</xml>',
)
---------------------------------------------------------------
[ 2019-05-16T18:46:59+08:00 ] 36.84.242.120 GET 121.42.184.177:80/
[运行时间：0.019052s] [吞吐率：52.49req/s] [内存消耗：1,686.51kb] [文件加载：71]
[ info ] [ LANG ] /data/platform/thinkphp/lang/zh-cn.php
[ info ] [ ROUTE ] array (
)
[ info ] [ HEADER ] array (
  'content-length' => '0',
  'user-agent' => 'Mozilla/5.0 (Windows NT 6.1; WOW64) AppleWebKit/537.36 (KHTML, like Gecko) Chrome/51.0.2704.103 Safari/537.36',
  'host' => '121.42.184.177:80',
  'content-type' => '',
)
[ info ] [ PARAM ] array (
)
---------------------------------------------------------------
[ 2019-05-16T19:15:50+08:00 ] 103.106.234.98 GET 121.42.184.177:80/
[运行时间：0.018814s] [吞吐率：53.15req/s] [内存消耗：1,686.51kb] [文件加载：71]
[ info ] [ LANG ] /data/platform/thinkphp/lang/zh-cn.php
[ info ] [ ROUTE ] array (
)
[ info ] [ HEADER ] array (
  'content-length' => '0',
  'user-agent' => 'Mozilla/5.0 (Windows NT 6.1; WOW64) AppleWebKit/537.36 (KHTML, like Gecko) Chrome/52.0.2743.116 Safari/537.36',
  'host' => '121.42.184.177:80',
  'content-type' => '',
)
[ info ] [ PARAM ] array (
)
---------------------------------------------------------------
[ 2019-05-16T19:45:21+08:00 ] 31.43.91.37 GET 121.42.184.177:80/
[运行时间：0.018493s] [吞吐率：54.07req/s] [内存消耗：1,686.51kb] [文件加载：71]
[ info ] [ LANG ] /data/platform/thinkphp/lang/zh-cn.php
[ info ] [ ROUTE ] array (
)
[ info ] [ HEADER ] array (
  'content-length' => '0',
  'user-agent' => 'Mozilla/5.0 (Windows NT 10.0; WOW64) AppleWebKit/537.36 (KHTML, like Gecko) Chrome/51.0.2704.103 Safari/537.36',
  'host' => '121.42.184.177:80',
  'content-type' => '',
)
[ info ] [ PARAM ] array (
)
---------------------------------------------------------------
[ 2019-05-16T20:12:51+08:00 ] 58.250.125.91 GET www.e5ws.com/
[运行时间：0.018435s] [吞吐率：54.24req/s] [内存消耗：1,686.76kb] [文件加载：71]
[ info ] [ LANG ] /data/platform/thinkphp/lang/zh-cn.php
[ info ] [ ROUTE ] array (
)
[ info ] [ HEADER ] array (
  'connection' => 'close',
  'user-agent' => 'Sogou web spider/4.0(+http://www.sogou.com/docs/help/webmasters.htm#07)',
  'accept-encoding' => 'gzip,deflate',
  'accept-language' => 'zh-cn',
  'accept' => '*/*',
  'host' => 'www.e5ws.com',
  'content-type' => '',
  'content-length' => '',
)
[ info ] [ PARAM ] array (
)
---------------------------------------------------------------
[ 2019-05-16T20:44:39+08:00 ] 73.197.110.107 GET 121.42.184.177/
[运行时间：0.018301s] [吞吐率：54.64req/s] [内存消耗：1,685.86kb] [文件加载：71]
[ info ] [ LANG ] /data/platform/thinkphp/lang/zh-cn.php
[ info ] [ ROUTE ] array (
)
[ info ] [ HEADER ] array (
  'host' => '121.42.184.177',
  'content-type' => '',
  'content-length' => '',
)
[ info ] [ PARAM ] array (
)
---------------------------------------------------------------
[ 2019-05-16T21:46:15+08:00 ] 93.110.251.254 GET 121.42.184.177:80/
[运行时间：0.018292s] [吞吐率：54.67req/s] [内存消耗：1,686.51kb] [文件加载：71]
[ info ] [ LANG ] /data/platform/thinkphp/lang/zh-cn.php
[ info ] [ ROUTE ] array (
)
[ info ] [ HEADER ] array (
  'content-length' => '0',
  'user-agent' => 'Mozilla/5.0 (Macintosh; Intel Mac OS X 10_11_6) AppleWebKit/601.7.7 (KHTML, like Gecko) Version/9.1.2 Safari/601.7.7',
  'host' => '121.42.184.177:80',
  'content-type' => '',
)
[ info ] [ PARAM ] array (
)
---------------------------------------------------------------
[ 2019-05-16T21:53:31+08:00 ] 47.98.97.252 GET 121.42.184.177/
[运行时间：0.018178s] [吞吐率：55.01req/s] [内存消耗：1,686.50kb] [文件加载：71]
[ info ] [ LANG ] /data/platform/thinkphp/lang/zh-cn.php
[ info ] [ ROUTE ] array (
)
[ info ] [ HEADER ] array (
  'connection' => 'keep-alive',
  'accept' => 'text/html, image/gif, image/jpeg, *; q=.2, */*; q=.2',
  'host' => '121.42.184.177',
  'user-agent' => 'Mozilla/5.0 (Linux; Android 4.1.1; Nexus 7 Build/JRO03D))',
  'content-type' => '',
  'content-length' => '',
)
[ info ] [ PARAM ] array (
)
---------------------------------------------------------------
[ 2019-05-16T21:53:31+08:00 ] 47.98.97.252 GET 121.42.184.177/index/passport/login
[运行时间：0.017944s] [吞吐率：55.73req/s] [内存消耗：1,693.25kb] [文件加载：69]
[ info ] [ LANG ] /data/platform/thinkphp/lang/zh-cn.php
[ info ] [ ROUTE ] array (
)
[ info ] [ HEADER ] array (
  'connection' => 'keep-alive',
  'accept' => 'text/html, image/gif, image/jpeg, *; q=.2, */*; q=.2',
  'host' => '121.42.184.177',
  'user-agent' => 'Mozilla/5.0 (Linux; Android 4.1.1; Nexus 7 Build/JRO03D))',
  'content-type' => '',
  'content-length' => '',
)
[ info ] [ PARAM ] array (
)
[ info ] [ VIEW ] /data/platform/application/index/view/passport/login.html [ array (
) ]
---------------------------------------------------------------
[ 2019-05-16T21:58:30+08:00 ] 35.227.154.147 GET e5ws.com/
[运行时间：0.030631s] [吞吐率：32.65req/s] [内存消耗：1,686.51kb] [文件加载：71]
[ info ] [ LANG ] /data/platform/thinkphp/lang/zh-cn.php
[ info ] [ ROUTE ] array (
)
[ info ] [ HEADER ] array (
  'connection' => 'close',
  'accept-encoding' => 'UTF-8',
  'accept-charset' => 'UTF-8',
  'user-agent' => 'Mozilla/5.0 (Windows NT 10.0; Win64; x64; rv:56.0) Gecko/20100101 Firefox/56.0',
  'host' => 'e5ws.com',
  'content-type' => '',
  'content-length' => '',
)
[ info ] [ PARAM ] array (
)
---------------------------------------------------------------
[ 2019-05-16T22:16:50+08:00 ] 193.179.141.250 GET 121.42.184.177:80/
[运行时间：0.018553s] [吞吐率：53.90req/s] [内存消耗：1,686.51kb] [文件加载：71]
[ info ] [ LANG ] /data/platform/thinkphp/lang/zh-cn.php
[ info ] [ ROUTE ] array (
)
[ info ] [ HEADER ] array (
  'content-length' => '0',
  'user-agent' => 'Mozilla/5.0 (Macintosh; Intel Mac OS X 10_11_6) AppleWebKit/601.7.7 (KHTML, like Gecko) Version/9.1.2 Safari/601.7.7',
  'host' => '121.42.184.177:80',
  'content-type' => '',
)
[ info ] [ PARAM ] array (
)
---------------------------------------------------------------
[ 2019-05-16T22:17:45+08:00 ] 140.207.54.79 POST www.e5ws.com/index.php?r=setup%2Fcheck-url&signature=c57d2236f3e0773854c42469d111880dae2211bb&timestamp=1558016265&nonce=1058903662&openid=o81pDuAjrWCTzMGJ0eFRmUsUMgbs
[运行时间：0.018994s] [吞吐率：52.65req/s] [内存消耗：1,689.43kb] [文件加载：71]
[ info ] [ LANG ] /data/platform/thinkphp/lang/zh-cn.php
[ info ] [ ROUTE ] array (
)
[ info ] [ HEADER ] array (
  'content-type' => 'text/xml',
  'content-length' => '524',
  'pragma' => 'no-cache',
  'host' => 'www.e5ws.com',
  'accept' => '*/*',
  'user-agent' => 'Mozilla/4.0',
)
[ info ] [ PARAM ] array (
  'r' => 'setup/check-url',
  'signature' => 'c57d2236f3e0773854c42469d111880dae2211bb',
  'timestamp' => '1558016265',
  'nonce' => '1058903662',
  'openid' => 'o81pDuAjrWCTzMGJ0eFRmUsUMgbs',
  '<xml><ToUserName><!' => 
  array (
    'CDATA[gh_521628dc8301' => 'wx577ca3767f909099',
  ),
  'redirect_uri' => 'http://wx.kankanews.com/baoliao/',
  'response_type' => 'code',
  'scope' => 'snsapi_base',
  'state' => '82a51f960304bb8b07b04fb569f0e401#wechat_redirect]]></EventKey>
<MenuId>207546484</MenuId>
</xml>',
)
---------------------------------------------------------------
[ 2019-05-16T22:46:03+08:00 ] 47.100.100.21 GET 121.42.184.177/index/customer/index.html
[运行时间：0.018459s] [吞吐率：54.17req/s] [内存消耗：1,690.77kb] [文件加载：71]
[ info ] [ LANG ] /data/platform/thinkphp/lang/zh-cn.php
[ info ] [ ROUTE ] array (
)
[ info ] [ HEADER ] array (
  'connection' => 'keep-alive',
  'accept' => 'text/html, image/gif, image/jpeg, *; q=.2, */*; q=.2',
  'host' => '121.42.184.177',
  'user-agent' => 'Mozilla/5.0 (X11; Ubuntu; Linux x86_64; rv:36.0) Gecko/20100101 Firefox/36.0',
  'content-type' => '',
  'content-length' => '',
)
[ info ] [ PARAM ] array (
)
---------------------------------------------------------------
[ 2019-05-16T22:46:03+08:00 ] 47.100.100.21 GET 121.42.184.177/index/passport/login
[运行时间：0.018413s] [吞吐率：54.31req/s] [内存消耗：1,693.38kb] [文件加载：69]
[ info ] [ LANG ] /data/platform/thinkphp/lang/zh-cn.php
[ info ] [ ROUTE ] array (
)
[ info ] [ HEADER ] array (
  'connection' => 'keep-alive',
  'accept' => 'text/html, image/gif, image/jpeg, *; q=.2, */*; q=.2',
  'host' => '121.42.184.177',
  'user-agent' => 'Mozilla/5.0 (X11; Ubuntu; Linux x86_64; rv:36.0) Gecko/20100101 Firefox/36.0',
  'content-type' => '',
  'content-length' => '',
)
[ info ] [ PARAM ] array (
)
[ info ] [ VIEW ] /data/platform/application/index/view/passport/login.html [ array (
) ]
---------------------------------------------------------------
[ 2019-05-16T22:56:31+08:00 ] 101.132.182.68 GET 121.42.184.177/
[运行时间：0.019061s] [吞吐率：52.46req/s] [内存消耗：1,686.69kb] [文件加载：71]
[ info ] [ LANG ] /data/platform/thinkphp/lang/zh-cn.php
[ info ] [ ROUTE ] array (
)
[ info ] [ HEADER ] array (
  'connection' => 'keep-alive',
  'accept' => 'text/html, image/gif, image/jpeg, *; q=.2, */*; q=.2',
  'host' => '121.42.184.177',
  'user-agent' => 'Mozilla/5.0 (X11; Ubuntu; Linux x86_64; rv:36.0) Gecko/20100101 Firefox/36.0',
  'content-type' => '',
  'content-length' => '',
)
[ info ] [ PARAM ] array (
)
---------------------------------------------------------------
[ 2019-05-16T22:56:31+08:00 ] 101.132.182.68 GET 121.42.184.177/index/passport/login
[运行时间：0.018639s] [吞吐率：53.65req/s] [内存消耗：1,693.38kb] [文件加载：69]
[ info ] [ LANG ] /data/platform/thinkphp/lang/zh-cn.php
[ info ] [ ROUTE ] array (
)
[ info ] [ HEADER ] array (
  'connection' => 'keep-alive',
  'accept' => 'text/html, image/gif, image/jpeg, *; q=.2, */*; q=.2',
  'host' => '121.42.184.177',
  'user-agent' => 'Mozilla/5.0 (X11; Ubuntu; Linux x86_64; rv:36.0) Gecko/20100101 Firefox/36.0',
  'content-type' => '',
  'content-length' => '',
)
[ info ] [ PARAM ] array (
)
[ info ] [ VIEW ] /data/platform/application/index/view/passport/login.html [ array (
) ]
