---------------------------------------------------------------
[ 2019-05-19T00:48:33+08:00 ] 177.54.196.18 GET 121.42.184.177:80/
[运行时间：0.018007s] [吞吐率：55.53req/s] [内存消耗：1,686.50kb] [文件加载：71]
[ info ] [ LANG ] /data/platform/thinkphp/lang/zh-cn.php
[ info ] [ ROUTE ] array (
)
[ info ] [ HEADER ] array (
  'content-length' => '0',
  'user-agent' => 'Mozilla/5.0 (Windows NT 6.1; WOW64) AppleWebKit/537.36 (KHTML, like Gecko) Chrome/52.0.2743.116 Safari/537.36',
  'host' => '121.42.184.177:80',
  'content-type' => '',
)
[ info ] [ PARAM ] array (
)
---------------------------------------------------------------
[ 2019-05-19T01:05:57+08:00 ] 101.91.62.99 GET www.e5ws.com/
[运行时间：0.018953s] [吞吐率：52.76req/s] [内存消耗：1,686.72kb] [文件加载：71]
[ info ] [ LANG ] /data/platform/thinkphp/lang/zh-cn.php
[ info ] [ ROUTE ] array (
)
[ info ] [ HEADER ] array (
  'connection' => 'keep-alive',
  'host' => 'www.e5ws.com',
  'accept-language' => 'zh-CN,zh;q=0.8,en-US;q=0.6,en;q=0.4',
  'accept' => '*/*',
  'user-agent' => 'Mozilla/5.0 (Windows NT 6.1; WOW64) AppleWebKit/537.36 (KHTML, like Gecko) Chrome/56.0.2924.87 Safari/537.36',
  'content-type' => '',
  'content-length' => '',
)
[ info ] [ PARAM ] array (
)
---------------------------------------------------------------
[ 2019-05-19T02:03:00+08:00 ] 189.110.177.253 GET 121.42.184.177:80/
[运行时间：0.019732s] [吞吐率：50.68req/s] [内存消耗：1,686.51kb] [文件加载：71]
[ info ] [ LANG ] /data/platform/thinkphp/lang/zh-cn.php
[ info ] [ ROUTE ] array (
)
[ info ] [ HEADER ] array (
  'content-length' => '0',
  'user-agent' => 'Mozilla/5.0 (Windows NT 10.0; WOW64) AppleWebKit/537.36 (KHTML, like Gecko) Chrome/52.0.2743.116 Safari/537.36',
  'host' => '121.42.184.177:80',
  'content-type' => '',
)
[ info ] [ PARAM ] array (
)
---------------------------------------------------------------
[ 2019-05-19T03:24:55+08:00 ] 60.191.52.254 HEAD 112.124.42.80:63435/
[运行时间：0.018749s] [吞吐率：53.34req/s] [内存消耗：1,686.29kb] [文件加载：71]
[ info ] [ LANG ] /data/platform/thinkphp/lang/zh-cn.php
[ info ] [ ROUTE ] array (
)
[ info ] [ HEADER ] array (
  'proxy-connection' => 'keep-alive',
  'accept' => 'text/html, image/gif, image/jpeg, *; q=.2, */*; q=.2',
  'host' => '112.124.42.80:63435',
  'user-agent' => 'Mozilla/5.0 (Macintosh; Intel Mac OS X 10_11_6) AppleWebKit/537.36 (KHTML, like Gecko) Chrome/53.0.2785.143 Safari/537.36',
  'accept-encoding' => 'gzip',
  'content-type' => '',
  'content-length' => '',
)
[ info ] [ PARAM ] array (
)
---------------------------------------------------------------
[ 2019-05-19T03:24:55+08:00 ] 60.191.52.254 GET 112.124.42.80:63435/index/passport/login
[运行时间：0.018557s] [吞吐率：53.89req/s] [内存消耗：1,693.87kb] [文件加载：69]
[ info ] [ LANG ] /data/platform/thinkphp/lang/zh-cn.php
[ info ] [ ROUTE ] array (
)
[ info ] [ HEADER ] array (
  'proxy-connection' => 'keep-alive',
  'accept' => 'text/html, image/gif, image/jpeg, *; q=.2, */*; q=.2',
  'host' => '112.124.42.80:63435',
  'user-agent' => 'Mozilla/5.0 (Macintosh; Intel Mac OS X 10_11_6) AppleWebKit/537.36 (KHTML, like Gecko) Chrome/53.0.2785.143 Safari/537.36',
  'accept-encoding' => 'gzip',
  'cookie' => 'PHPSESSID=rdn5pfjflv8mj8r02fb33sj8kp',
  'content-type' => '',
  'content-length' => '',
)
[ info ] [ PARAM ] array (
)
[ info ] [ VIEW ] /data/platform/application/index/view/passport/login.html [ array (
) ]
---------------------------------------------------------------
[ 2019-05-19T03:29:57+08:00 ] 52.91.124.25 GET 121.42.184.177/
[运行时间：0.018421s] [吞吐率：54.29req/s] [内存消耗：1,686.73kb] [文件加载：71]
[ info ] [ LANG ] /data/platform/thinkphp/lang/zh-cn.php
[ info ] [ ROUTE ] array (
)
[ info ] [ HEADER ] array (
  'connection' => 'keep-alive',
  'accept' => '*/*',
  'accept-encoding' => 'gzip, deflate',
  'user-agent' => 'Mozilla/5.0 (Windows NT 6.2;en-US) AppleWebKit/537.32.36 (KHTML, live Gecko) Chrome/60.0.3007.56 Safari/537.32',
  'host' => '121.42.184.177',
  'content-type' => '',
  'content-length' => '',
)
[ info ] [ PARAM ] array (
)
---------------------------------------------------------------
[ 2019-05-19T03:29:58+08:00 ] 52.91.124.25 GET 121.42.184.177/index/passport/login
[运行时间：0.019032s] [吞吐率：52.54req/s] [内存消耗：1,693.57kb] [文件加载：69]
[ info ] [ LANG ] /data/platform/thinkphp/lang/zh-cn.php
[ info ] [ ROUTE ] array (
)
[ info ] [ HEADER ] array (
  'cookie' => 'PHPSESSID=alhrrk5n1i218unnv3it1mh4qh',
  'connection' => 'keep-alive',
  'accept' => '*/*',
  'accept-encoding' => 'gzip, deflate',
  'user-agent' => 'Mozilla/5.0 (Windows NT 6.2;en-US) AppleWebKit/537.32.36 (KHTML, live Gecko) Chrome/60.0.3007.56 Safari/537.32',
  'host' => '121.42.184.177',
  'content-type' => '',
  'content-length' => '',
)
[ info ] [ PARAM ] array (
)
[ info ] [ VIEW ] /data/platform/application/index/view/passport/login.html [ array (
) ]
---------------------------------------------------------------
[ 2019-05-19T05:35:49+08:00 ] 119.79.138.114 GET 121.42.184.177/
[运行时间：0.018402s] [吞吐率：54.34req/s] [内存消耗：1,686.50kb] [文件加载：71]
[ info ] [ LANG ] /data/platform/thinkphp/lang/zh-cn.php
[ info ] [ ROUTE ] array (
)
[ info ] [ HEADER ] array (
  'host' => '121.42.184.177',
  'user-agent' => 'Mozilla/4.0 (compatible; Win32; WinHttp.WinHttpRequest.5)',
  'accept' => '*/*',
  'connection' => 'Keep-Alive',
  'content-type' => '',
  'content-length' => '',
)
[ info ] [ PARAM ] array (
)
---------------------------------------------------------------
[ 2019-05-19T06:05:09+08:00 ] 106.14.189.11 GET 121.42.184.177/
[运行时间：0.018301s] [吞吐率：54.64req/s] [内存消耗：1,686.50kb] [文件加载：71]
[ info ] [ LANG ] /data/platform/thinkphp/lang/zh-cn.php
[ info ] [ ROUTE ] array (
)
[ info ] [ HEADER ] array (
  'connection' => 'keep-alive',
  'accept' => 'text/html, image/gif, image/jpeg, *; q=.2, */*; q=.2',
  'host' => '121.42.184.177',
  'user-agent' => 'Mozilla/5.0 (Linux; Android 4.1.1; Nexus 7 Build/JRO03D))',
  'content-type' => '',
  'content-length' => '',
)
[ info ] [ PARAM ] array (
)
---------------------------------------------------------------
[ 2019-05-19T06:05:09+08:00 ] 106.14.189.11 GET 121.42.184.177/index/passport/login
[运行时间：0.019544s] [吞吐率：51.17req/s] [内存消耗：1,693.25kb] [文件加载：69]
[ info ] [ LANG ] /data/platform/thinkphp/lang/zh-cn.php
[ info ] [ ROUTE ] array (
)
[ info ] [ HEADER ] array (
  'connection' => 'keep-alive',
  'accept' => 'text/html, image/gif, image/jpeg, *; q=.2, */*; q=.2',
  'host' => '121.42.184.177',
  'user-agent' => 'Mozilla/5.0 (Linux; Android 4.1.1; Nexus 7 Build/JRO03D))',
  'content-type' => '',
  'content-length' => '',
)
[ info ] [ PARAM ] array (
)
[ info ] [ VIEW ] /data/platform/application/index/view/passport/login.html [ array (
) ]
---------------------------------------------------------------
[ 2019-05-19T06:31:07+08:00 ] 112.125.92.74 HEAD 121.42.184.177/
[运行时间：0.030555s] [吞吐率：32.73req/s] [内存消耗：1,685.13kb] [文件加载：71]
[ info ] [ LANG ] /data/platform/thinkphp/lang/zh-cn.php
[ info ] [ ROUTE ] array (
)
[ info ] [ HEADER ] array (
  'host' => '121.42.184.177',
  'content-type' => '',
  'content-length' => '',
)
[ info ] [ PARAM ] array (
)
---------------------------------------------------------------
[ 2019-05-19T07:42:04+08:00 ] 47.52.210.94 GET /
[运行时间：0.019100s] [吞吐率：52.36req/s] [内存消耗：1,685.68kb] [文件加载：71]
[ info ] [ LANG ] /data/platform/thinkphp/lang/zh-cn.php
[ info ] [ ROUTE ] array (
)
[ info ] [ HEADER ] array (
  'content-type' => '',
  'content-length' => '',
)
[ info ] [ PARAM ] array (
)
---------------------------------------------------------------
[ 2019-05-19T07:48:43+08:00 ] 139.196.111.211 HEAD /
[运行时间：0.018135s] [吞吐率：55.14req/s] [内存消耗：1,684.95kb] [文件加载：71]
[ info ] [ LANG ] /data/platform/thinkphp/lang/zh-cn.php
[ info ] [ ROUTE ] array (
)
[ info ] [ HEADER ] array (
  'content-type' => '',
  'content-length' => '',
)
[ info ] [ PARAM ] array (
)
---------------------------------------------------------------
[ 2019-05-19T07:52:17+08:00 ] 61.164.47.194 GET www.e5ws.com/
[运行时间：0.018410s] [吞吐率：54.32req/s] [内存消耗：1,686.25kb] [文件加载：71]
[ info ] [ LANG ] /data/platform/thinkphp/lang/zh-cn.php
[ info ] [ ROUTE ] array (
)
[ info ] [ HEADER ] array (
  'user-agent' => '',
  'connection' => 'Keep-Alive',
  'host' => 'www.e5ws.com',
  'accept-encoding' => 'gzip',
  'content-type' => '',
  'content-length' => '',
)
[ info ] [ PARAM ] array (
)
---------------------------------------------------------------
[ 2019-05-19T08:32:38+08:00 ] 46.166.137.197 HEAD www.e5ws.com/
[运行时间：0.018580s] [吞吐率：53.82req/s] [内存消耗：1,685.85kb] [文件加载：71]
[ info ] [ LANG ] /data/platform/thinkphp/lang/zh-cn.php
[ info ] [ ROUTE ] array (
)
[ info ] [ HEADER ] array (
  'connection' => 'close',
  'referer' => 'https://uptime.com/www.e5ws.com',
  'accept' => '*/*',
  'user-agent' => 'Mozilla/5.0 (compatible; Uptimebot/1.0; +http://www.uptime.com/uptimebot)',
  'host' => 'www.e5ws.com',
  'content-type' => '',
  'content-length' => '',
)
[ info ] [ PARAM ] array (
)
---------------------------------------------------------------
[ 2019-05-19T09:19:11+08:00 ] 46.190.98.91 GET 121.42.184.177:80/
[运行时间：0.019615s] [吞吐率：50.98req/s] [内存消耗：1,686.51kb] [文件加载：71]
[ info ] [ LANG ] /data/platform/thinkphp/lang/zh-cn.php
[ info ] [ ROUTE ] array (
)
[ info ] [ HEADER ] array (
  'content-length' => '0',
  'user-agent' => 'Mozilla/5.0 (Windows NT 6.1; WOW64) AppleWebKit/537.36 (KHTML, like Gecko) Chrome/52.0.2743.116 Safari/537.36',
  'host' => '121.42.184.177:80',
  'content-type' => '',
)
[ info ] [ PARAM ] array (
)
---------------------------------------------------------------
[ 2019-05-19T09:35:22+08:00 ] 220.181.108.178 GET www.e5ws.com/
[运行时间：0.018706s] [吞吐率：53.46req/s] [内存消耗：1,687.36kb] [文件加载：71]
[ info ] [ LANG ] /data/platform/thinkphp/lang/zh-cn.php
[ info ] [ ROUTE ] array (
)
[ info ] [ HEADER ] array (
  'accept' => '*/*',
  'accept-encoding' => 'gzip',
  'if-none-match' => '""""""@NULL@""""""',
  'accept-language' => 'zh-cn,zh-tw',
  'user-agent' => 'Mozilla/5.0 (compatible; Baiduspider/2.0; +http://www.baidu.com/search/spider.html)',
  'connection' => 'close',
  'host' => 'www.e5ws.com',
  'content-type' => '',
  'content-length' => '',
)
[ info ] [ PARAM ] array (
)
---------------------------------------------------------------
[ 2019-05-19T09:44:17+08:00 ] 106.11.183.235 GET 121.42.184.177/
[运行时间：0.018205s] [吞吐率：54.93req/s] [内存消耗：1,686.41kb] [文件加载：71]
[ info ] [ LANG ] /data/platform/thinkphp/lang/zh-cn.php
[ info ] [ ROUTE ] array (
)
[ info ] [ HEADER ] array (
  'connection' => 'keep-alive',
  'accept' => '*/*',
  'accept-encoding' => 'gzip, deflate',
  'user-agent' => 'www.baidu.com',
  'host' => '121.42.184.177',
  'content-type' => '',
  'content-length' => '',
)
[ info ] [ PARAM ] array (
)
---------------------------------------------------------------
[ 2019-05-19T09:44:18+08:00 ] 106.11.183.235 GET 121.42.184.177/index/passport/login
[运行时间：0.018798s] [吞吐率：53.20req/s] [内存消耗：1,693.32kb] [文件加载：69]
[ info ] [ LANG ] /data/platform/thinkphp/lang/zh-cn.php
[ info ] [ ROUTE ] array (
)
[ info ] [ HEADER ] array (
  'cookie' => 'PHPSESSID=ig5hfpbld2cahe1rmifr7t67dl',
  'connection' => 'keep-alive',
  'accept' => '*/*',
  'accept-encoding' => 'gzip, deflate',
  'user-agent' => 'www.baidu.com',
  'host' => '121.42.184.177',
  'content-type' => '',
  'content-length' => '',
)
[ info ] [ PARAM ] array (
)
[ info ] [ VIEW ] /data/platform/application/index/view/passport/login.html [ array (
) ]
---------------------------------------------------------------
[ 2019-05-19T09:54:09+08:00 ] 47.100.64.86 GET /
[运行时间：0.018214s] [吞吐率：54.90req/s] [内存消耗：1,685.68kb] [文件加载：71]
[ info ] [ LANG ] /data/platform/thinkphp/lang/zh-cn.php
[ info ] [ ROUTE ] array (
)
[ info ] [ HEADER ] array (
  'content-type' => '',
  'content-length' => '',
)
[ info ] [ PARAM ] array (
)
---------------------------------------------------------------
[ 2019-05-19T10:07:38+08:00 ] 88.247.20.98 GET 121.42.184.177:80/
[运行时间：0.018764s] [吞吐率：53.29req/s] [内存消耗：1,686.51kb] [文件加载：71]
[ info ] [ LANG ] /data/platform/thinkphp/lang/zh-cn.php
[ info ] [ ROUTE ] array (
)
[ info ] [ HEADER ] array (
  'content-length' => '0',
  'user-agent' => 'Mozilla/5.0 (Windows NT 6.1; WOW64) AppleWebKit/537.36 (KHTML, like Gecko) Chrome/51.0.2704.103 Safari/537.36',
  'host' => '121.42.184.177:80',
  'content-type' => '',
)
[ info ] [ PARAM ] array (
)
---------------------------------------------------------------
[ 2019-05-19T10:58:48+08:00 ] 101.132.193.68 GET 121.42.184.177/
[运行时间：0.019971s] [吞吐率：50.07req/s] [内存消耗：1,686.50kb] [文件加载：71]
[ info ] [ LANG ] /data/platform/thinkphp/lang/zh-cn.php
[ info ] [ ROUTE ] array (
)
[ info ] [ HEADER ] array (
  'connection' => 'keep-alive',
  'accept' => 'text/html, image/gif, image/jpeg, *; q=.2, */*; q=.2',
  'host' => '121.42.184.177',
  'user-agent' => 'Mozilla/5.0 (Linux; Android 4.1.1; Nexus 7 Build/JRO03D))',
  'content-type' => '',
  'content-length' => '',
)
[ info ] [ PARAM ] array (
)
---------------------------------------------------------------
[ 2019-05-19T10:58:48+08:00 ] 101.132.193.68 GET 121.42.184.177/index/passport/login
[运行时间：0.019979s] [吞吐率：50.05req/s] [内存消耗：1,693.25kb] [文件加载：69]
[ info ] [ LANG ] /data/platform/thinkphp/lang/zh-cn.php
[ info ] [ ROUTE ] array (
)
[ info ] [ HEADER ] array (
  'connection' => 'keep-alive',
  'accept' => 'text/html, image/gif, image/jpeg, *; q=.2, */*; q=.2',
  'host' => '121.42.184.177',
  'user-agent' => 'Mozilla/5.0 (Linux; Android 4.1.1; Nexus 7 Build/JRO03D))',
  'content-type' => '',
  'content-length' => '',
)
[ info ] [ PARAM ] array (
)
[ info ] [ VIEW ] /data/platform/application/index/view/passport/login.html [ array (
) ]
---------------------------------------------------------------
[ 2019-05-19T11:09:38+08:00 ] 47.101.197.246 GET 121.42.184.177/
[运行时间：0.018718s] [吞吐率：53.42req/s] [内存消耗：1,686.69kb] [文件加载：71]
[ info ] [ LANG ] /data/platform/thinkphp/lang/zh-cn.php
[ info ] [ ROUTE ] array (
)
[ info ] [ HEADER ] array (
  'connection' => 'keep-alive',
  'accept' => 'text/html, image/gif, image/jpeg, *; q=.2, */*; q=.2',
  'host' => '121.42.184.177',
  'user-agent' => 'Mozilla/5.0 (X11; Ubuntu; Linux x86_64; rv:36.0) Gecko/20100101 Firefox/36.0',
  'content-type' => '',
  'content-length' => '',
)
[ info ] [ PARAM ] array (
)
---------------------------------------------------------------
[ 2019-05-19T11:09:38+08:00 ] 47.101.197.246 GET 121.42.184.177/index/passport/login
[运行时间：0.019153s] [吞吐率：52.21req/s] [内存消耗：1,693.38kb] [文件加载：69]
[ info ] [ LANG ] /data/platform/thinkphp/lang/zh-cn.php
[ info ] [ ROUTE ] array (
)
[ info ] [ HEADER ] array (
  'connection' => 'keep-alive',
  'accept' => 'text/html, image/gif, image/jpeg, *; q=.2, */*; q=.2',
  'host' => '121.42.184.177',
  'user-agent' => 'Mozilla/5.0 (X11; Ubuntu; Linux x86_64; rv:36.0) Gecko/20100101 Firefox/36.0',
  'content-type' => '',
  'content-length' => '',
)
[ info ] [ PARAM ] array (
)
[ info ] [ VIEW ] /data/platform/application/index/view/passport/login.html [ array (
) ]
---------------------------------------------------------------
[ 2019-05-19T12:06:29+08:00 ] 14.215.176.149 GET www.e5ws.com/
[运行时间：0.018348s] [吞吐率：54.50req/s] [内存消耗：1,687.48kb] [文件加载：71]
[ info ] [ LANG ] /data/platform/thinkphp/lang/zh-cn.php
[ info ] [ ROUTE ] array (
)
[ info ] [ HEADER ] array (
  'host' => 'www.e5ws.com',
  'accept-language' => 'en-US,*',
  'accept-encoding' => 'gzip, deflate',
  'connection' => 'Keep-Alive',
  'referer' => 'http://www.baidu.com/s?wd=bicyclerrr',
  'user-agent' => 'Mozilla/5.0 (Windows NT 6.1; WOW64; rv:43.0) Gecko/20100101 Firefox/43.0',
  'accept' => 'text/html,application/xhtml+xml,application/xml;q=0.9,*/*;q=0.8',
  'content-type' => '',
  'content-length' => '',
)
[ info ] [ PARAM ] array (
)
---------------------------------------------------------------
[ 2019-05-19T12:28:10+08:00 ] 185.26.232.226 GET 121.42.184.177:80/
[运行时间：0.029505s] [吞吐率：33.89req/s] [内存消耗：1,686.51kb] [文件加载：71]
[ info ] [ LANG ] /data/platform/thinkphp/lang/zh-cn.php
[ info ] [ ROUTE ] array (
)
[ info ] [ HEADER ] array (
  'content-length' => '0',
  'user-agent' => 'Mozilla/5.0 (Windows NT 10.0; WOW64) AppleWebKit/537.36 (KHTML, like Gecko) Chrome/51.0.2704.103 Safari/537.36',
  'host' => '121.42.184.177:80',
  'content-type' => '',
)
[ info ] [ PARAM ] array (
)
---------------------------------------------------------------
[ 2019-05-19T12:38:02+08:00 ] 101.132.193.68 GET 121.42.184.177/
[运行时间：0.018004s] [吞吐率：55.54req/s] [内存消耗：1,686.69kb] [文件加载：71]
[ info ] [ LANG ] /data/platform/thinkphp/lang/zh-cn.php
[ info ] [ ROUTE ] array (
)
[ info ] [ HEADER ] array (
  'connection' => 'keep-alive',
  'accept' => 'text/html, image/gif, image/jpeg, *; q=.2, */*; q=.2',
  'host' => '121.42.184.177',
  'user-agent' => 'Mozilla/5.0 (X11; Ubuntu; Linux x86_64; rv:36.0) Gecko/20100101 Firefox/36.0',
  'content-type' => '',
  'content-length' => '',
)
[ info ] [ PARAM ] array (
)
---------------------------------------------------------------
[ 2019-05-19T12:38:02+08:00 ] 101.132.193.68 GET 121.42.184.177/index/passport/login
[运行时间：0.018715s] [吞吐率：53.43req/s] [内存消耗：1,693.38kb] [文件加载：69]
[ info ] [ LANG ] /data/platform/thinkphp/lang/zh-cn.php
[ info ] [ ROUTE ] array (
)
[ info ] [ HEADER ] array (
  'connection' => 'keep-alive',
  'accept' => 'text/html, image/gif, image/jpeg, *; q=.2, */*; q=.2',
  'host' => '121.42.184.177',
  'user-agent' => 'Mozilla/5.0 (X11; Ubuntu; Linux x86_64; rv:36.0) Gecko/20100101 Firefox/36.0',
  'content-type' => '',
  'content-length' => '',
)
[ info ] [ PARAM ] array (
)
[ info ] [ VIEW ] /data/platform/application/index/view/passport/login.html [ array (
) ]
---------------------------------------------------------------
[ 2019-05-19T13:59:10+08:00 ] 140.207.54.79 POST www.e5ws.com/index.php?r=setup%2Fcheck-url&signature=a590d1524d9f9c39c624a1d0431e476006c357d7&timestamp=1558245550&nonce=273452744&openid=o81pDuBblIrHh0e-YfnKfBfouhjs
[运行时间：0.018204s] [吞吐率：54.93req/s] [内存消耗：1,689.43kb] [文件加载：71]
[ info ] [ LANG ] /data/platform/thinkphp/lang/zh-cn.php
[ info ] [ ROUTE ] array (
)
[ info ] [ HEADER ] array (
  'content-type' => 'text/xml',
  'content-length' => '524',
  'pragma' => 'no-cache',
  'host' => 'www.e5ws.com',
  'accept' => '*/*',
  'user-agent' => 'Mozilla/4.0',
)
[ info ] [ PARAM ] array (
  'r' => 'setup/check-url',
  'signature' => 'a590d1524d9f9c39c624a1d0431e476006c357d7',
  'timestamp' => '1558245550',
  'nonce' => '273452744',
  'openid' => 'o81pDuBblIrHh0e-YfnKfBfouhjs',
  '<xml><ToUserName><!' => 
  array (
    'CDATA[gh_521628dc8301' => 'wx577ca3767f909099',
  ),
  'redirect_uri' => 'http://wx.kankanews.com/baoliao/',
  'response_type' => 'code',
  'scope' => 'snsapi_base',
  'state' => '82a51f960304bb8b07b04fb569f0e401#wechat_redirect]]></EventKey>
<MenuId>207546484</MenuId>
</xml>',
)
---------------------------------------------------------------
[ 2019-05-19T14:16:55+08:00 ] 68.110.74.249 GET 121.42.184.177/
[运行时间：0.018475s] [吞吐率：54.13req/s] [内存消耗：1,685.86kb] [文件加载：71]
[ info ] [ LANG ] /data/platform/thinkphp/lang/zh-cn.php
[ info ] [ ROUTE ] array (
)
[ info ] [ HEADER ] array (
  'host' => '121.42.184.177',
  'content-type' => '',
  'content-length' => '',
)
[ info ] [ PARAM ] array (
)
---------------------------------------------------------------
[ 2019-05-19T15:36:01+08:00 ] 123.55.58.1 GET 121.42.184.177/
[运行时间：0.018243s] [吞吐率：54.82req/s] [内存消耗：1,687.88kb] [文件加载：71]
[ info ] [ LANG ] /data/platform/thinkphp/lang/zh-cn.php
[ info ] [ ROUTE ] array (
)
[ info ] [ HEADER ] array (
  'accept-language' => 'zh-CN,zh;q=0.9',
  'accept-encoding' => 'gzip, deflate',
  'accept' => 'text/html,application/xhtml+xml,application/xml;q=0.9,image/webp,image/apng,*/*;q=0.8,application/signed-exchange;v=b3',
  'user-agent' => 'Mozilla/5.0 (Windows NT 6.1; Win64; x64) AppleWebKit/537.36 (KHTML, like Gecko) Chrome/74.0.3729.157 Safari/537.36',
  'upgrade-insecure-requests' => '1',
  'connection' => 'keep-alive',
  'host' => '121.42.184.177',
  'content-type' => '',
  'content-length' => '',
)
[ info ] [ PARAM ] array (
)
---------------------------------------------------------------
[ 2019-05-19T15:36:01+08:00 ] 123.55.58.1 GET 121.42.184.177/index/passport/login
[运行时间：0.019215s] [吞吐率：52.04req/s] [内存消耗：1,694.60kb] [文件加载：69]
[ info ] [ LANG ] /data/platform/thinkphp/lang/zh-cn.php
[ info ] [ ROUTE ] array (
)
[ info ] [ HEADER ] array (
  'cookie' => 'PHPSESSID=ujnshtgti7rqf2n014gnpc67e3',
  'accept-language' => 'zh-CN,zh;q=0.9',
  'accept-encoding' => 'gzip, deflate',
  'accept' => 'text/html,application/xhtml+xml,application/xml;q=0.9,image/webp,image/apng,*/*;q=0.8,application/signed-exchange;v=b3',
  'user-agent' => 'Mozilla/5.0 (Windows NT 6.1; Win64; x64) AppleWebKit/537.36 (KHTML, like Gecko) Chrome/74.0.3729.157 Safari/537.36',
  'upgrade-insecure-requests' => '1',
  'connection' => 'keep-alive',
  'host' => '121.42.184.177',
  'content-type' => '',
  'content-length' => '',
)
[ info ] [ PARAM ] array (
)
[ info ] [ VIEW ] /data/platform/application/index/view/passport/login.html [ array (
) ]
---------------------------------------------------------------
[ 2019-05-19T15:54:31+08:00 ] 188.120.10.151 GET 121.42.184.177:80/
[运行时间：0.018732s] [吞吐率：53.39req/s] [内存消耗：1,686.51kb] [文件加载：71]
[ info ] [ LANG ] /data/platform/thinkphp/lang/zh-cn.php
[ info ] [ ROUTE ] array (
)
[ info ] [ HEADER ] array (
  'content-length' => '0',
  'user-agent' => 'Mozilla/5.0 (Windows NT 10.0; WOW64) AppleWebKit/537.36 (KHTML, like Gecko) Chrome/51.0.2704.103 Safari/537.36',
  'host' => '121.42.184.177:80',
  'content-type' => '',
)
[ info ] [ PARAM ] array (
)
---------------------------------------------------------------
[ 2019-05-19T16:06:34+08:00 ] 45.120.39.14 GET 121.42.184.177:80/
[运行时间：0.018097s] [吞吐率：55.26req/s] [内存消耗：1,686.51kb] [文件加载：71]
[ info ] [ LANG ] /data/platform/thinkphp/lang/zh-cn.php
[ info ] [ ROUTE ] array (
)
[ info ] [ HEADER ] array (
  'content-length' => '0',
  'user-agent' => 'Mozilla/5.0 (Windows NT 6.1; WOW64) AppleWebKit/537.36 (KHTML, like Gecko) Chrome/52.0.2743.116 Safari/537.36',
  'host' => '121.42.184.177:80',
  'content-type' => '',
)
[ info ] [ PARAM ] array (
)
